<?xml version="1.0" encoding="UTF-8"?>
<testsuite name="TicTacToeTest" tests="2" skipped="0" failures="0" errors="0" timestamp="2025-05-11T23:35:56" hostname="DESKTOP-PAQ7BKH" time="0.033">
  <properties/>
  <testcase name="testSelectFirstPlayerSymbol()" classname="TicTacToeTest" time="0.021"/>
  <testcase name="testSelectDifficultyLevel()" classname="TicTacToeTest" time="0.006"/>
  <system-out><![CDATA[]]></system-out>
  <system-err><![CDATA[]]></system-err>
</testsuite>
