<?xml version="1.0" encoding="UTF-8"?>
<testsuite name="PlayerTest" tests="2" skipped="0" failures="0" errors="0" timestamp="2025-05-11T23:35:56" hostname="DESKTOP-PAQ7BKH" time="0.006">
  <properties/>
  <testcase name="testPlayerCreation()" classname="PlayerTest" time="0.002"/>
  <testcase name="testMultiplePlayers()" classname="PlayerTest" time="0.002"/>
  <system-out><![CDATA[]]></system-out>
  <system-err><![CDATA[]]></system-err>
</testsuite>
