<?xml version="1.0" encoding="UTF-8"?>
<testsuite name="BoardTest" tests="2" skipped="0" failures="0" errors="0" timestamp="2025-05-11T23:35:56" hostname="DESKTOP-PAQ7BKH" time="0.088">
  <properties/>
  <testcase name="testMultipleMovesAndUndo()" classname="BoardTest" time="0.081"/>
  <testcase name="testUndoMove()" classname="BoardTest" time="0.004"/>
  <system-out><![CDATA[]]></system-out>
  <system-err><![CDATA[]]></system-err>
</testsuite>
