<?xml version="1.0" encoding="UTF-8"?>
<testsuite name="BoardTest" tests="4" skipped="0" failures="0" errors="0" timestamp="2025-04-13T15:45:17" hostname="DESKTOP-PAQ7BKH" time="0.048">
  <properties/>
  <testcase name="testBoardFull()" classname="BoardTest" time="0.033"/>
  <testcase name="testBoardInitialization()" classname="BoardTest" time="0.003"/>
  <testcase name="testCheckWinner()" classname="BoardTest" time="0.003"/>
  <testcase name="testMakeMove()" classname="BoardTest" time="0.002"/>
  <system-out><![CDATA[]]></system-out>
  <system-err><![CDATA[]]></system-err>
</testsuite>
