<?xml version="1.0" encoding="UTF-8"?>
<testsuite name="PlayerTest" tests="2" skipped="0" failures="0" errors="0" timestamp="2025-04-13T15:45:17" hostname="DESKTOP-PAQ7BKH" time="0.006">
  <properties/>
  <testcase name="testGetName()" classname="PlayerTest" time="0.003"/>
  <testcase name="testGetSymbol()" classname="PlayerTest" time="0.001"/>
  <system-out><![CDATA[]]></system-out>
  <system-err><![CDATA[]]></system-err>
</testsuite>
