<?xml version="1.0" encoding="UTF-8"?>
<testsuite name="GameLogTest" tests="3" skipped="0" failures="0" errors="0" timestamp="2025-04-13T15:45:17" hostname="DESKTOP-PAQ7BKH" time="0.024">
  <properties/>
  <testcase name="testPrintLog()" classname="GameLogTest" time="0.012"/>
  <testcase name="testIncrementWins()" classname="GameLogTest" time="0.001"/>
  <testcase name="testSaveLog()" classname="GameLogTest" time="0.008"/>
  <system-out><![CDATA[
The current log is:
Player X Wins   1
Player O Wins   1
Ties            1

Writing the game log to disk. Please see game.txt for the final statistics!
]]></system-out>
  <system-err><![CDATA[]]></system-err>
</testsuite>
